<?xml version="1.0" encoding="UTF-8"?>
<!-- Generated by org.testng.reporters.JUnitXMLReporter -->
<testsuite hostname="DESKTOP-U61CLK6" name="Test" tests="6" failures="0" timestamp="26 Dec 2018 04:05:52 GMT" time="93.439" errors="0">
  <testcase name="testData" time="14.335" classname="com.qa.testcases.DataDrivenTesting"/>
  <testcase name="testData" time="13.251" classname="com.qa.testcases.DataDrivenTesting"/>
  <testcase name="testData" time="13.681" classname="com.qa.testcases.DataDrivenTesting"/>
  <testcase name="testData" time="13.537" classname="com.qa.testcases.DataDrivenTesting"/>
  <testcase name="mouseHoverExampleTesting" time="16.674" classname="com.qa.testcases.MouseHoverExample"/>
  <testcase name="testDropDown" time="21.095" classname="com.qa.testcases.DropDownTesting"/>
</testsuite> <!-- Test -->
