<?xml version="1.0" encoding="UTF-8"?>
<testng-results skipped="0" failed="0" total="6" passed="6">
  <reporter-output>
  </reporter-output>
  <suite name="Suite" duration-ms="93439" started-at="2018-12-26T04:04:18Z" finished-at="2018-12-26T04:05:52Z">
    <groups>
    </groups>
    <test name="Test" duration-ms="93439" started-at="2018-12-26T04:04:18Z" finished-at="2018-12-26T04:05:52Z">
      <class name="com.qa.testcases.DataDrivenTesting">
        <test-method status="PASS" signature="testData(java.lang.String, java.lang.String, java.lang.String)[pri:0, instance:com.qa.testcases.DataDrivenTesting@153f5a29]" name="testData" duration-ms="14335" started-at="2018-12-25T22:04:19Z" data-provider="testdata" finished-at="2018-12-25T22:04:33Z">
          <params>
            <param index="0">
              <value>
                <![CDATA[20000]]>
              </value>
            </param>
            <param index="1">
              <value>
                <![CDATA[3.5]]>
              </value>
            </param>
            <param index="2">
              <value>
                <![CDATA[5]]>
              </value>
            </param>
          </params>
          <reporter-output>
          </reporter-output>
        </test-method> <!-- testData -->
        <test-method status="PASS" signature="testData(java.lang.String, java.lang.String, java.lang.String)[pri:0, instance:com.qa.testcases.DataDrivenTesting@153f5a29]" name="testData" duration-ms="13251" started-at="2018-12-25T22:04:33Z" data-provider="testdata" finished-at="2018-12-25T22:04:47Z">
          <params>
            <param index="0">
              <value>
                <![CDATA[22000]]>
              </value>
            </param>
            <param index="1">
              <value>
                <![CDATA[3.5]]>
              </value>
            </param>
            <param index="2">
              <value>
                <![CDATA[5]]>
              </value>
            </param>
          </params>
          <reporter-output>
          </reporter-output>
        </test-method> <!-- testData -->
        <test-method status="PASS" signature="testData(java.lang.String, java.lang.String, java.lang.String)[pri:0, instance:com.qa.testcases.DataDrivenTesting@153f5a29]" name="testData" duration-ms="13681" started-at="2018-12-25T22:04:47Z" data-provider="testdata" finished-at="2018-12-25T22:05:00Z">
          <params>
            <param index="0">
              <value>
                <![CDATA[24000]]>
              </value>
            </param>
            <param index="1">
              <value>
                <![CDATA[3.5]]>
              </value>
            </param>
            <param index="2">
              <value>
                <![CDATA[5]]>
              </value>
            </param>
          </params>
          <reporter-output>
          </reporter-output>
        </test-method> <!-- testData -->
        <test-method status="PASS" signature="testData(java.lang.String, java.lang.String, java.lang.String)[pri:0, instance:com.qa.testcases.DataDrivenTesting@153f5a29]" name="testData" duration-ms="13537" started-at="2018-12-25T22:05:00Z" data-provider="testdata" finished-at="2018-12-25T22:05:14Z">
          <params>
            <param index="0">
              <value>
                <![CDATA[26000]]>
              </value>
            </param>
            <param index="1">
              <value>
                <![CDATA[3.75]]>
              </value>
            </param>
            <param index="2">
              <value>
                <![CDATA[6]]>
              </value>
            </param>
          </params>
          <reporter-output>
          </reporter-output>
        </test-method> <!-- testData -->
      </class> <!-- com.qa.testcases.DataDrivenTesting -->
      <class name="com.qa.testcases.DropDownTesting">
        <test-method status="PASS" signature="testDropDown()[pri:0, instance:com.qa.testcases.DropDownTesting@36f6e879]" name="testDropDown" duration-ms="21095" started-at="2018-12-25T22:05:30Z" finished-at="2018-12-25T22:05:52Z">
          <reporter-output>
          </reporter-output>
        </test-method> <!-- testDropDown -->
      </class> <!-- com.qa.testcases.DropDownTesting -->
      <class name="com.qa.testcases.MouseHoverExample">
        <test-method status="PASS" signature="mouseHoverExampleTesting()[pri:0, instance:com.qa.testcases.MouseHoverExample@7f560810]" name="mouseHoverExampleTesting" duration-ms="16674" started-at="2018-12-25T22:05:14Z" finished-at="2018-12-25T22:05:30Z">
          <reporter-output>
          </reporter-output>
        </test-method> <!-- mouseHoverExampleTesting -->
      </class> <!-- com.qa.testcases.MouseHoverExample -->
    </test> <!-- Test -->
  </suite> <!-- Suite -->
</testng-results>
