<?xml version="1.0" encoding="UTF-8"?>
<testng-results skipped="0" failed="0" total="1" passed="1">
  <reporter-output>
  </reporter-output>
  <suite name="Default suite" duration-ms="19665" started-at="2018-12-26T03:57:35Z" finished-at="2018-12-26T03:57:55Z">
    <groups>
    </groups>
    <test name="Default test" duration-ms="19665" started-at="2018-12-26T03:57:35Z" finished-at="2018-12-26T03:57:55Z">
      <class name="com.qa.testcases.DropDownTesting">
        <test-method status="PASS" signature="testDropDown()[pri:0, instance:com.qa.testcases.DropDownTesting@1d057a39]" name="testDropDown" duration-ms="19649" started-at="2018-12-25T21:57:35Z" finished-at="2018-12-25T21:57:55Z">
          <reporter-output>
          </reporter-output>
        </test-method> <!-- testDropDown -->
      </class> <!-- com.qa.testcases.DropDownTesting -->
    </test> <!-- Default test -->
  </suite> <!-- Default suite -->
</testng-results>
